This is pdfTeX, Version 3.141592653-2.6-1.40.22 (TeX Live 2021/Arch Linux) (preloaded format=pdflatex 2021.11.10)  17 NOV 2021 21:46
entering extended mode
 restricted \write18 enabled.
 %&-line parsing enabled.
**document.tex
(./document.tex
LaTeX2e <2020-10-01> patch level 4
L3 programming layer <2021-02-18>
(/usr/share/texmf-dist/tex/latex/base/article.cls
Document Class: article 2020/04/10 v1.4m Standard LaTeX document class
(/usr/share/texmf-dist/tex/latex/base/size12.clo
File: size12.clo 2020/04/10 v1.4m Standard LaTeX file (size option)
)
\c@part=\count179
\c@section=\count180
\c@subsection=\count181
\c@subsubsection=\count182
\c@paragraph=\count183
\c@subparagraph=\count184
\c@figure=\count185
\c@table=\count186
\abovecaptionskip=\skip47
\belowcaptionskip=\skip48
\bibindent=\dimen138
)
(/usr/share/texmf-dist/tex/latex/amsmath/amsmath.sty
Package: amsmath 2020/09/23 v2.17i AMS math features
\@mathmargin=\skip49

For additional information on amsmath, use the `?' option.
(/usr/share/texmf-dist/tex/latex/amsmath/amstext.sty
Package: amstext 2000/06/29 v2.01 AMS text

(/usr/share/texmf-dist/tex/latex/amsmath/amsgen.sty
File: amsgen.sty 1999/11/30 v2.0 generic functions
\@emptytoks=\toks15
\ex@=\dimen139
))
(/usr/share/texmf-dist/tex/latex/amsmath/amsbsy.sty
Package: amsbsy 1999/11/29 v1.2d Bold Symbols
\pmbraise@=\dimen140
)
(/usr/share/texmf-dist/tex/latex/amsmath/amsopn.sty
Package: amsopn 2016/03/08 v2.02 operator names
)
\inf@bad=\count187
LaTeX Info: Redefining \frac on input line 234.
\uproot@=\count188
\leftroot@=\count189
LaTeX Info: Redefining \overline on input line 399.
\classnum@=\count190
\DOTSCASE@=\count191
LaTeX Info: Redefining \ldots on input line 496.
LaTeX Info: Redefining \dots on input line 499.
LaTeX Info: Redefining \cdots on input line 620.
\Mathstrutbox@=\box47
\strutbox@=\box48
\big@size=\dimen141
LaTeX Font Info:    Redeclaring font encoding OML on input line 743.
LaTeX Font Info:    Redeclaring font encoding OMS on input line 744.
\macc@depth=\count192
\c@MaxMatrixCols=\count193
\dotsspace@=\muskip16
\c@parentequation=\count194
\dspbrk@lvl=\count195
\tag@help=\toks16
\row@=\count196
\column@=\count197
\maxfields@=\count198
\andhelp@=\toks17
\eqnshift@=\dimen142
\alignsep@=\dimen143
\tagshift@=\dimen144
\tagwidth@=\dimen145
\totwidth@=\dimen146
\lineht@=\dimen147
\@envbody=\toks18
\multlinegap=\skip50
\multlinetaggap=\skip51
\mathdisplay@stack=\toks19
LaTeX Info: Redefining \[ on input line 2923.
LaTeX Info: Redefining \] on input line 2924.
)
(/usr/share/texmf-dist/tex/latex/amsfonts/amssymb.sty
Package: amssymb 2013/01/14 v3.01 AMS font symbols

(/usr/share/texmf-dist/tex/latex/amsfonts/amsfonts.sty
Package: amsfonts 2013/01/14 v3.01 Basic AMSFonts support
\symAMSa=\mathgroup4
\symAMSb=\mathgroup5
LaTeX Font Info:    Redeclaring math symbol \hbar on input line 98.
LaTeX Font Info:    Overwriting math alphabet `\mathfrak' in version `bold'
(Font)                  U/euf/m/n --> U/euf/b/n on input line 106.
))
(/usr/share/texmf-dist/tex/latex/tools/tabularx.sty
Package: tabularx 2020/01/15 v2.11c `tabularx' package (DPC)

(/usr/share/texmf-dist/tex/latex/tools/array.sty
Package: array 2020/10/01 v2.5c Tabular extension package (FMi)
\col@sep=\dimen148
\ar@mcellbox=\box49
\extrarowheight=\dimen149
\NC@list=\toks20
\extratabsurround=\skip52
\backup@length=\skip53
\ar@cellbox=\box50
)
\TX@col@width=\dimen150
\TX@old@table=\dimen151
\TX@old@col=\dimen152
\TX@target=\dimen153
\TX@delta=\dimen154
\TX@cols=\count199
\TX@ftn=\toks21
)
(/usr/share/texmf-dist/tex/latex/graphics/graphicx.sty
Package: graphicx 2020/09/09 v1.2b Enhanced LaTeX Graphics (DPC,SPQR)

(/usr/share/texmf-dist/tex/latex/graphics/keyval.sty
Package: keyval 2014/10/28 v1.15 key=value parser (DPC)
\KV@toks@=\toks22
)
(/usr/share/texmf-dist/tex/latex/graphics/graphics.sty
Package: graphics 2020/08/30 v1.4c Standard LaTeX Graphics (DPC,SPQR)

(/usr/share/texmf-dist/tex/latex/graphics/trig.sty
Package: trig 2016/01/03 v1.10 sin cos tan (DPC)
)
(/usr/share/texmf-dist/tex/latex/graphics-cfg/graphics.cfg
File: graphics.cfg 2016/06/04 v1.11 sample graphics configuration
)
Package graphics Info: Driver file: pdftex.def on input line 105.

(/usr/share/texmf-dist/tex/latex/graphics-def/pdftex.def
File: pdftex.def 2020/10/05 v1.2a Graphics/color driver for pdftex
))
\Gin@req@height=\dimen155
\Gin@req@width=\dimen156
)
(/usr/share/texmf-dist/tex/generic/systeme/systeme.sty
(/usr/share/texmf-dist/tex/generic/xstring/xstring.sty
(/usr/share/texmf-dist/tex/generic/xstring/xstring.tex
\integerpart=\count266
\decimalpart=\count267
)
Package: xstring 2019/02/06 v1.83 String manipulations (CT)
)
(/usr/share/texmf-dist/tex/generic/systeme/systeme.tex
\SYS_systemecode=\toks23
\SYS_systempreamble=\toks24
\SYSeqnum=\count268
)
Package: systeme 2020/05/03 v0.34 Mise en forme de systemes d'equations (CT)
)
(/usr/share/texmf-dist/tex/latex/hyperref/nameref.sty
Package: nameref 2021-04-02 v2.47 Cross-referencing by name of section

(/usr/share/texmf-dist/tex/latex/refcount/refcount.sty
Package: refcount 2019/12/15 v3.6 Data extraction from label references (HO)

(/usr/share/texmf-dist/tex/generic/ltxcmds/ltxcmds.sty
Package: ltxcmds 2020-05-10 v1.25 LaTeX kernel commands for general use (HO)
)
(/usr/share/texmf-dist/tex/generic/infwarerr/infwarerr.sty
Package: infwarerr 2019/12/03 v1.5 Providing info/warning/error messages (HO)
))
(/usr/share/texmf-dist/tex/generic/gettitlestring/gettitlestring.sty
Package: gettitlestring 2019/12/15 v1.6 Cleanup title references (HO)

(/usr/share/texmf-dist/tex/latex/kvoptions/kvoptions.sty
Package: kvoptions 2020-10-07 v3.14 Key value format for package options (HO)

(/usr/share/texmf-dist/tex/generic/kvsetkeys/kvsetkeys.sty
Package: kvsetkeys 2019/12/15 v1.18 Key value parser (HO)
)))
\c@section@level=\count269
LaTeX Info: Redefining \ref on input line 356.
LaTeX Info: Redefining \pageref on input line 356.
)
(/usr/share/texmf-dist/tex/latex/caption/caption.sty
Package: caption 2020/10/26 v3.5g Customizing captions (AR)

(/usr/share/texmf-dist/tex/latex/caption/caption3.sty
Package: caption3 2020/10/21 v2.2e caption3 kernel (AR)
\captionmargin=\dimen157
\captionmargin@=\dimen158
\captionwidth=\dimen159
\caption@tempdima=\dimen160
\caption@indent=\dimen161
\caption@parindent=\dimen162
\caption@hangindent=\dimen163
Package caption Info: Standard document class detected.
)
\c@caption@flags=\count270
\c@continuedfloat=\count271
)
(/usr/share/texmf-dist/tex/latex/url/url.sty
\Urlmuskip=\muskip17
Package: url 2013/09/16  ver 3.4  Verb mode for urls, etc.
)
(/usr/share/texmf-dist/tex/latex/float/float.sty
Package: float 2001/11/08 v1.3d Float enhancements (AL)
\c@float@type=\count272
\float@exts=\toks25
\float@box=\box51
\@float@everytoks=\toks26
\@floatcapt=\box52
)
(/usr/share/texmf-dist/tex/latex/setspace/setspace.sty
Package: setspace 2011/12/19 v6.7a set line spacing
)
(/usr/share/texmf-dist/tex/latex/tools/afterpage.sty
Package: afterpage 2014/10/28 v1.08 After-Page Package (DPC)
\AP@output=\toks27
\AP@partial=\box53
\AP@footins=\box54
)
(/usr/share/texmf-dist/tex/latex/listings/listings.sty
\lst@mode=\count273
\lst@gtempboxa=\box55
\lst@token=\toks28
\lst@length=\count274
\lst@currlwidth=\dimen164
\lst@column=\count275
\lst@pos=\count276
\lst@lostspace=\dimen165
\lst@width=\dimen166
\lst@newlines=\count277
\lst@lineno=\count278
\lst@maxwidth=\dimen167

(/usr/share/texmf-dist/tex/latex/listings/lstmisc.sty
File: lstmisc.sty 2020/03/24 1.8d (Carsten Heinz)
\c@lstnumber=\count279
\lst@skipnumbers=\count280
\lst@framebox=\box56
)
(/usr/share/texmf-dist/tex/latex/listings/listings.cfg
File: listings.cfg 2020/03/24 1.8d listings configuration
))
Package: listings 2020/03/24 1.8d (Carsten Heinz)

(/usr/share/texmf-dist/tex/latex/xcolor/xcolor.sty
Package: xcolor 2016/05/11 v2.12 LaTeX color extensions (UK)

(/usr/share/texmf-dist/tex/latex/graphics-cfg/color.cfg
File: color.cfg 2016/01/02 v1.6 sample color configuration
)
Package xcolor Info: Driver file: pdftex.def on input line 225.
Package xcolor Info: Model `cmy' substituted by `cmy0' on input line 1348.
Package xcolor Info: Model `hsb' substituted by `rgb' on input line 1352.
Package xcolor Info: Model `RGB' extended on input line 1364.
Package xcolor Info: Model `HTML' substituted by `rgb' on input line 1366.
Package xcolor Info: Model `Hsb' substituted by `hsb' on input line 1367.
Package xcolor Info: Model `tHsb' substituted by `hsb' on input line 1368.
Package xcolor Info: Model `HSB' substituted by `hsb' on input line 1369.
Package xcolor Info: Model `Gray' substituted by `gray' on input line 1370.
Package xcolor Info: Model `wave' substituted by `hsb' on input line 1371.
)
(/usr/share/texmf-dist/tex/latex/l3backend/l3backend-pdftex.def
File: l3backend-pdftex.def 2021-03-18 L3 backend support: PDF output (pdfTeX)
\l__color_backend_stack_int=\count281
\l__pdf_internal_box=\box57
)
(./document.aux)
\openout1 = `document.aux'.

LaTeX Font Info:    Checking defaults for OML/cmm/m/it on input line 31.
LaTeX Font Info:    ... okay on input line 31.
LaTeX Font Info:    Checking defaults for OMS/cmsy/m/n on input line 31.
LaTeX Font Info:    ... okay on input line 31.
LaTeX Font Info:    Checking defaults for OT1/cmr/m/n on input line 31.
LaTeX Font Info:    ... okay on input line 31.
LaTeX Font Info:    Checking defaults for T1/cmr/m/n on input line 31.
LaTeX Font Info:    ... okay on input line 31.
LaTeX Font Info:    Checking defaults for TS1/cmr/m/n on input line 31.
LaTeX Font Info:    ... okay on input line 31.
LaTeX Font Info:    Checking defaults for OMX/cmex/m/n on input line 31.
LaTeX Font Info:    ... okay on input line 31.
LaTeX Font Info:    Checking defaults for U/cmr/m/n on input line 31.
LaTeX Font Info:    ... okay on input line 31.
 (/usr/share/texmf-dist/tex/context/base/mkii/supp-pdf.mkii
[Loading MPS to PDF converter (version 2006.09.02).]
\scratchcounter=\count282
\scratchdimen=\dimen168
\scratchbox=\box58
\nofMPsegments=\count283
\nofMParguments=\count284
\everyMPshowfont=\toks29
\MPscratchCnt=\count285
\MPscratchDim=\dimen169
\MPnumerator=\count286
\makeMPintoPDFobject=\count287
\everyMPtoPDFconversion=\toks30
) (/usr/share/texmf-dist/tex/latex/epstopdf-pkg/epstopdf-base.sty
Package: epstopdf-base 2020-01-24 v2.11 Base part for package epstopdf
Package epstopdf-base Info: Redefining graphics rule for `.eps' on input line 4
85.

(/usr/share/texmf-dist/tex/latex/latexconfig/epstopdf-sys.cfg
File: epstopdf-sys.cfg 2010/07/13 v1.3 Configuration of (r)epstopdf for TeX Liv
e
))
Package caption Info: Begin \AtBeginDocument code.
Package caption Info: float package is loaded.
Package caption Info: listings package is loaded.
Package caption Info: End \AtBeginDocument code.
\c@lstlisting=\count288
<./official//poli.png, id=1, 301.125pt x 301.125pt>
File: ./official//poli.png Graphic file (type png)
<use ./official//poli.png>
Package pdftex.def Info: ./official//poli.png  used on input line 46.
(pdftex.def)             Requested size: 155.99762pt x 156.00235pt.
 [1

{/var/lib/texmf/fonts/map/pdftex/updmap/pdftex.map} <./official//poli.png>] [0


] [1] [1

]
(./document.toc
LaTeX Font Info:    Trying to load font information for U+msa on input line 4.
 (/usr/share/texmf-dist/tex/latex/amsfonts/umsa.fd
File: umsa.fd 2013/01/14 v3.01 AMS symbols A
)
LaTeX Font Info:    Trying to load font information for U+msb on input line 4.

(/usr/share/texmf-dist/tex/latex/amsfonts/umsb.fd
File: umsb.fd 2013/01/14 v3.01 AMS symbols B
) [2])
\tf@toc=\write3
\openout3 = `document.toc'.

 [3]
<./screens//chess.png, id=29, 564.60938pt x 566.115pt>
File: ./screens//chess.png Graphic file (type png)
<use ./screens//chess.png>
Package pdftex.def Info: ./screens//chess.png  used on input line 96.
(pdftex.def)             Requested size: 198.63283pt x 199.16928pt.
 [4

 <./screens//chess.png>]
Overfull \hbox (3.6385pt too wide) in paragraph at lines 107--108
\OT1/cmr/m/n/12 solving and com-mu-ni-ca-tion. Videogames are a good medium to 
train problem-
 []


LaTeX Warning: Citation `Halo' on page 5 undefined on input line 113.


LaTeX Warning: Citation `starcraft' on page 5 undefined on input line 113.

[5]
<./screens//keep_talking_game.jpg, id=38, 1284.8pt x 722.7pt>
File: ./screens//keep_talking_game.jpg Graphic file (type jpg)
<use ./screens//keep_talking_game.jpg>
Package pdftex.def Info: ./screens//keep_talking_game.jpg  used on input line 1
22.
(pdftex.def)             Requested size: 390.0pt x 219.37004pt.
 [6]
<./screens//keep_talking_manual.png, id=42, 744.53156pt x 476.53032pt>
File: ./screens//keep_talking_manual.png Graphic file (type png)
<use ./screens//keep_talking_manual.png>
Package pdftex.def Info: ./screens//keep_talking_manual.png  used on input line
 125.
(pdftex.def)             Requested size: 390.0pt x 249.62228pt.
 [7 <./screens//keep_talking_game.jpg> <./screens//keep_talking_manual.png>]
<./screens//doom.jpg, id=46, 1054.94125pt x 593.21625pt>
File: ./screens//doom.jpg Graphic file (type jpg)
<use ./screens//doom.jpg>
Package pdftex.def Info: ./screens//doom.jpg  used on input line 134.
(pdftex.def)             Requested size: 390.0pt x 219.30554pt.
 [8 <./screens//doom.jpg>]
<./screens//unrailed.jpg, id=50, 1927.2pt x 1084.05pt>
File: ./screens//unrailed.jpg Graphic file (type jpg)
<use ./screens//unrailed.jpg>
Package pdftex.def Info: ./screens//unrailed.jpg  used on input line 142.
(pdftex.def)             Requested size: 390.0pt x 219.37006pt.
<./screens//unrailed_upgrade.jpg, id=51, 1927.2pt x 1084.05pt>
File: ./screens//unrailed_upgrade.jpg Graphic file (type jpg)
<use ./screens//unrailed_upgrade.jpg>
Package pdftex.def Info: ./screens//unrailed_upgrade.jpg  used on input line 14
8.
(pdftex.def)             Requested size: 390.0pt x 219.37006pt.
 [9

 <./screens//unrailed.jpg>] [10 <./screens//unrailed_upgrade.jpg>]
<./screens//brain2.jpg, id=59, 481.8pt x 361.35pt>
File: ./screens//brain2.jpg Graphic file (type jpg)
<use ./screens//brain2.jpg>
Package pdftex.def Info: ./screens//brain2.jpg  used on input line 156.
(pdftex.def)             Requested size: 390.0pt x 292.50995pt.
<./screens//brain_age.jpg, id=60, 376.40625pt x 255.95625pt>
File: ./screens//brain_age.jpg Graphic file (type jpg)
<use ./screens//brain_age.jpg>
Package pdftex.def Info: ./screens//brain_age.jpg  used on input line 162.
(pdftex.def)             Requested size: 390.0pt x 265.21962pt.
 [11

 <./screens//brain2.jpg>] [12 <./screens//brain_age.jpg>]
<./screens//map_town.png, id=67, 1074.0125pt x 604.2575pt>
File: ./screens//map_town.png Graphic file (type png)
<use ./screens//map_town.png>
Package pdftex.def Info: ./screens//map_town.png  used on input line 169.
(pdftex.def)             Requested size: 390.0pt x 219.41345pt.
 [13

 <./screens//map_town.png (PNG copy)>] [14] [15]
<./screens//splash.png, id=78, 1099.10625pt x 618.31pt>
File: ./screens//splash.png Graphic file (type png)
<use ./screens//splash.png>
Package pdftex.def Info: ./screens//splash.png  used on input line 225.
(pdftex.def)             Requested size: 390.0pt x 219.39308pt.
<./screens//settings.png, id=79, 1099.10625pt x 618.31pt>
File: ./screens//settings.png Graphic file (type png)
<use ./screens//settings.png>
Package pdftex.def Info: ./screens//settings.png  used on input line 231.
(pdftex.def)             Requested size: 390.0pt x 219.39308pt.
 [16

 <./screens//splash.png (PNG copy)>]
<./screens//lobby.png, id=87, 1099.10625pt x 618.31pt>
File: ./screens//lobby.png Graphic file (type png)
<use ./screens//lobby.png>
Package pdftex.def Info: ./screens//lobby.png  used on input line 236.
(pdftex.def)             Requested size: 390.0pt x 219.39308pt.
 [17 <./screens//settings.png (PNG copy)>]
<./screens//master.png, id=91, 1099.10625pt x 618.31pt>
File: ./screens//master.png Graphic file (type png)
<use ./screens//master.png>
Package pdftex.def Info: ./screens//master.png  used on input line 241.
(pdftex.def)             Requested size: 390.0pt x 219.39308pt.
 [18 <./screens//lobby.png (PNG copy)>]
<./screens//gameplay.png, id=95, 1074.0125pt x 604.2575pt>
File: ./screens//gameplay.png Graphic file (type png)
<use ./screens//gameplay.png>
Package pdftex.def Info: ./screens//gameplay.png  used on input line 246.
(pdftex.def)             Requested size: 390.0pt x 219.41345pt.
 [19 <./screens//master.png (PNG copy)>] [20 <./screens//gameplay.png (PNG copy
)>]
<./screens//blockskyscraper.png, id=102, 805.50937pt x 301.125pt>
File: ./screens//blockskyscraper.png Graphic file (type png)
<use ./screens//blockskyscraper.png>
Package pdftex.def Info: ./screens//blockskyscraper.png  used on input line 260
.
(pdftex.def)             Requested size: 390.0pt x 145.79272pt.
<./screens//blockresidential.png, id=103, 805.50937pt x 301.125pt>
File: ./screens//blockresidential.png Graphic file (type png)
<use ./screens//blockresidential.png>
Package pdftex.def Info: ./screens//blockresidential.png  used on input line 26
4.
(pdftex.def)             Requested size: 390.0pt x 145.79272pt.
<./screens//blockcargo.png, id=104, 805.50937pt x 301.125pt>
File: ./screens//blockcargo.png Graphic file (type png)
<use ./screens//blockcargo.png>
Package pdftex.def Info: ./screens//blockcargo.png  used on input line 268.
(pdftex.def)             Requested size: 390.0pt x 145.79272pt.
 [21

 <./screens//blockskyscraper.png> <./screens//blockresidential.png>]
<./screens//map_village.png, id=108, 1074.0125pt x 604.2575pt>
File: ./screens//map_village.png Graphic file (type png)
<use ./screens//map_village.png>
Package pdftex.def Info: ./screens//map_village.png  used on input line 274.
(pdftex.def)             Requested size: 390.0pt x 219.41345pt.
 [22 <./screens//blockcargo.png>]
<./screens//map_city.png, id=114, 1074.0125pt x 604.2575pt>
File: ./screens//map_city.png Graphic file (type png)
<use ./screens//map_city.png>
Package pdftex.def Info: ./screens//map_city.png  used on input line 279.
(pdftex.def)             Requested size: 390.0pt x 219.41345pt.
 [23 <./screens//map_village.png (PNG copy)>] [24 <./screens//map_city.png (PNG
 copy)>]
Overfull \hbox (1.69609pt too wide) in paragraph at lines 285--285
[]\OT1/cmr/bx/n/14.4 UDP Sock-ets with frag-men-ta-tion, op-tional re-trans-
 []

(/usr/share/texmf-dist/tex/latex/listings/lstlang1.sty
File: lstlang1.sty 2020/03/24 1.8d listings language file
)
LaTeX Font Info:    Trying to load font information for OMS+cmr on input line 2
91.

(/usr/share/texmf-dist/tex/latex/base/omscmr.fd
File: omscmr.fd 2019/12/16 v2.5j Standard LaTeX font definitions
)
LaTeX Font Info:    Font shape `OMS/cmr/m/n' in size <12> not available
(Font)              Font shape `OMS/cmsy/m/n' tried instead on input line 291.

Underfull \hbox (badness 10000) in paragraph at lines 303--304

 []

[25

]
<./diagrams//packet.png, id=125, 208.78pt x 499.8675pt>
File: ./diagrams//packet.png Graphic file (type png)
<use ./diagrams//packet.png>
Package pdftex.def Info: ./diagrams//packet.png  used on input line 312.
(pdftex.def)             Requested size: 95.07149pt x 227.62204pt.
 [26

 <./diagrams//packet.png>] [27]
<./diagrams//game architecture.png, id=133, 563.10374pt x 342.27875pt>
File: ./diagrams//game architecture.png Graphic file (type png)
<use ./diagrams//game architecture.png>
Package pdftex.def Info: ./diagrams//game architecture.png  used on input line 
328.
(pdftex.def)             Requested size: 390.0pt x 237.06044pt.
 [28

 <./diagrams//game architecture.png>] [29]
<./diagrams//net architecture.png, id=142, 452.69125pt x 303.1325pt>
File: ./diagrams//net architecture.png Graphic file (type png)
<use ./diagrams//net architecture.png>
Package pdftex.def Info: ./diagrams//net architecture.png  used on input line 3
51.
(pdftex.def)             Requested size: 390.0pt x 261.15141pt.
 [30

] [31 <./diagrams//net architecture.png>] [32]
<./diagrams//railgraph.png, id=153, 573.14125pt x 979.66pt>
File: ./diagrams//railgraph.png Graphic file (type png)
<use ./diagrams//railgraph.png>
Package pdftex.def Info: ./diagrams//railgraph.png  used on input line 379.
(pdftex.def)             Requested size: 307.96121pt x 526.37598pt.
 [33

]
Overfull \vbox (15.37596pt too high) has occurred while \output is active []


[34 <./diagrams//railgraph.png>]
<./diagrams//gridlock.png, id=162, 614.295pt x 523.9575pt>
File: ./diagrams//gridlock.png Graphic file (type png)
<use ./diagrams//gridlock.png>
Package pdftex.def Info: ./diagrams//gridlock.png  used on input line 386.
(pdftex.def)             Requested size: 390.0pt x 332.65335pt.
<./diagrams//semaphore.png, id=163, 491.8375pt x 106.3975pt>
File: ./diagrams//semaphore.png Graphic file (type png)
<use ./diagrams//semaphore.png>
Package pdftex.def Info: ./diagrams//semaphore.png  used on input line 395.
(pdftex.def)             Requested size: 390.0pt x 84.37129pt.
 [35 <./diagrams//gridlock.png>]
<./diagrams//abspos.png, id=168, 430.60875pt x 197.73875pt>
File: ./diagrams//abspos.png Graphic file (type png)
<use ./diagrams//abspos.png>
Package pdftex.def Info: ./diagrams//abspos.png  used on input line 405.
(pdftex.def)             Requested size: 390.0pt x 179.0947pt.
 [36 <./diagrams//semaphore.png>] [37 <./diagrams//abspos.png>] [38] [39]
<./diagrams//bike.png, id=184, 298.86656pt x 158.09062pt>
File: ./diagrams//bike.png Graphic file (type png)
<use ./diagrams//bike.png>
Package pdftex.def Info: ./diagrams//bike.png  used on input line 456.
(pdftex.def)             Requested size: 390.0pt x 206.3114pt.


LaTeX Warning: `!h' float specifier changed to `!ht'.

[40

] [41 <./diagrams//bike.png>] [42

]
<./diagrams//audio_mixer.png, id=196, 733.74126pt x 202.7575pt>
File: ./diagrams//audio_mixer.png Graphic file (type png)
<use ./diagrams//audio_mixer.png>
Package pdftex.def Info: ./diagrams//audio_mixer.png  used on input line 493.
(pdftex.def)             Requested size: 390.0pt x 107.77034pt.
 [43

] [44 <./diagrams//audio_mixer.png>]
<./diagrams//hipass.png, id=204, 602.25pt x 295.85532pt>
File: ./diagrams//hipass.png Graphic file (type png)
<use ./diagrams//hipass.png>
Package pdftex.def Info: ./diagrams//hipass.png  used on input line 507.
(pdftex.def)             Requested size: 390.0pt x 191.59491pt.

Underfull \hbox (badness 10000) in paragraph at lines 505--509

 []

<./diagrams//impulse_response.png, id=205, 462.528pt x 346.896pt>
File: ./diagrams//impulse_response.png Graphic file (type png)
<use ./diagrams//impulse_response.png>
Package pdftex.def Info: ./diagrams//impulse_response.png  used on input line 5
11.
(pdftex.def)             Requested size: 390.0pt x 292.5128pt.
[45

 <./diagrams//hipass.png>] [46 <./diagrams//impulse_response.png>] [47]
[48

] [49] [50]
Underfull \hbox (badness 10000) in paragraph at lines 568--569

 []


Underfull \hbox (badness 10000) in paragraph at lines 570--571

 []

[51

] [51

] (./document.bbl
Underfull \hbox (badness 10000) in paragraph at lines 33--36
[]\OT1/cmr/m/n/12 More brain train-ing.  $\OT1/cmtt/m/n/12 https : / / www .
 []


Underfull \hbox (badness 10000) in paragraph at lines 33--36
\OT1/cmtt/m/n/12 nintendo . it / Giochi / Nintendo-[]Switch /
 []


Overfull \hbox (8.65271pt too wide) in paragraph at lines 33--36
\OT1/cmtt/m/n/12 Brain-[]Training-[]del-[]Dr-[]Kawashima-[]per-[]Nintendo-[]Swi
tch-[]1656777 .
 []

[52]) [53] (./document.aux)

LaTeX Warning: There were undefined references.

 ) 
Here is how much of TeX's memory you used:
 7331 strings out of 478994
 107226 string characters out of 5864750
 588591 words of memory out of 5000000
 24704 multiletter control sequences out of 15000+600000
 413557 words of font info for 66 fonts, out of 8000000 for 9000
 1141 hyphenation exceptions out of 8191
 80i,8n,88p,919b,1325s stack positions out of 5000i,500n,10000p,200000b,80000s
{/usr/share/texmf-dist/fonts/enc/dvips/cm-super/cm-super-ts1.enc}</usr/share/
texmf-dist/fonts/type1/public/amsfonts/cm/cmbx10.pfb></usr/share/texmf-dist/fon
ts/type1/public/amsfonts/cm/cmbx12.pfb></usr/share/texmf-dist/fonts/type1/publi
c/amsfonts/cm/cmcsc10.pfb></usr/share/texmf-dist/fonts/type1/public/amsfonts/cm
/cmmi12.pfb></usr/share/texmf-dist/fonts/type1/public/amsfonts/cm/cmmi8.pfb></u
sr/share/texmf-dist/fonts/type1/public/amsfonts/cm/cmr10.pfb></usr/share/texmf-
dist/fonts/type1/public/amsfonts/cm/cmr12.pfb></usr/share/texmf-dist/fonts/type
1/public/amsfonts/cm/cmr7.pfb></usr/share/texmf-dist/fonts/type1/public/amsfont
s/cm/cmr8.pfb></usr/share/texmf-dist/fonts/type1/public/amsfonts/cm/cmsy10.pfb>
</usr/share/texmf-dist/fonts/type1/public/amsfonts/cm/cmti12.pfb></usr/share/te
xmf-dist/fonts/type1/public/amsfonts/cm/cmtt10.pfb></usr/share/texmf-dist/fonts
/type1/public/amsfonts/cm/cmtt12.pfb></usr/share/texmf-dist/fonts/type1/public/
cm-super/sfrm1000.pfb></usr/share/texmf-dist/fonts/type1/public/cm-super/sfrm12
00.pfb>
Output written on document.pdf (57 pages, 6721702 bytes).
PDF statistics:
 294 PDF objects out of 1000 (max. 8388607)
 175 compressed objects within 2 object streams
 0 named destinations out of 1000 (max. 500000)
 156 words of extra memory for PDF output out of 10000 (max. 10000000)

